app/build/intermediates/manifest_merge_blame_file/debug/manifest-merger-blame-debug-report.txt
1<?xml version="1.0" encoding="utf-8"?>
2<manifest xmlns:android="http://schemas.android.com/apk/res/android"
3    package="org.appspot.apprtc"
4    android:versionCode="1"
5    android:versionName="1.0" >
6
7    <uses-sdk
7-->src\main\AndroidManifest.xml:11:5-74
8        android:minSdkVersion="21"
8-->src\main\AndroidManifest.xml:11:15-41
9        android:targetSdkVersion="29" />
9-->src\main\AndroidManifest.xml:11:42-71
10
11    <uses-feature android:name="android.hardware.camera" />
11-->src\main\AndroidManifest.xml:8:5-60
11-->src\main\AndroidManifest.xml:8:19-57
12    <uses-feature android:name="android.hardware.camera.autofocus" />
12-->src\main\AndroidManifest.xml:9:5-70
12-->src\main\AndroidManifest.xml:9:19-67
13    <uses-feature
13-->src\main\AndroidManifest.xml:10:5-78
14        android:glEsVersion="0x00020000"
14-->src\main\AndroidManifest.xml:10:19-51
15        android:required="true" />
15-->src\main\AndroidManifest.xml:10:52-75
16
17    <uses-permission android:name="android.permission.CAMERA" />
17-->src\main\AndroidManifest.xml:13:5-65
17-->src\main\AndroidManifest.xml:13:22-62
18    <uses-permission android:name="android.permission.CHANGE_NETWORK_STATE" />
18-->src\main\AndroidManifest.xml:14:5-79
18-->src\main\AndroidManifest.xml:14:22-76
19    <uses-permission android:name="android.permission.MODIFY_AUDIO_SETTINGS" />
19-->src\main\AndroidManifest.xml:15:5-80
19-->src\main\AndroidManifest.xml:15:22-77
20    <uses-permission android:name="android.permission.RECORD_AUDIO" />
20-->src\main\AndroidManifest.xml:16:5-71
20-->src\main\AndroidManifest.xml:16:22-68
21    <uses-permission android:name="android.permission.BLUETOOTH" />
21-->src\main\AndroidManifest.xml:17:5-68
21-->src\main\AndroidManifest.xml:17:22-65
22    <uses-permission android:name="android.permission.INTERNET" />
22-->src\main\AndroidManifest.xml:18:5-67
22-->src\main\AndroidManifest.xml:18:22-64
23    <uses-permission android:name="android.permission.WRITE_EXTERNAL_STORAGE" />
23-->src\main\AndroidManifest.xml:19:5-80
23-->src\main\AndroidManifest.xml:19:22-78
24    <uses-permission android:name="android.permission.ACCESS_NETWORK_STATE" />
24-->src\main\AndroidManifest.xml:20:5-79
24-->src\main\AndroidManifest.xml:20:22-76
25    <!-- This is a test application that should always be debuggable. -->
26    <application
26-->src\main\AndroidManifest.xml:23:5-59:19
27        android:allowBackup="false"
27-->src\main\AndroidManifest.xml:25:18-45
28        android:debuggable="true"
28-->src\main\AndroidManifest.xml:26:18-43
29        android:icon="@drawable/ic_launcher"
29-->src\main\AndroidManifest.xml:24:18-54
30        android:label="@string/app_name"
30-->src\main\AndroidManifest.xml:23:18-50
31        android:supportsRtl="false"
31-->src\main\AndroidManifest.xml:27:18-45
32        android:testOnly="true" >
33        <activity
33-->src\main\AndroidManifest.xml:30:9-46:20
34            android:name="org.appspot.apprtc.ConnectActivity"
34-->src\main\AndroidManifest.xml:30:19-49
35            android:label="@string/app_name"
35-->src\main\AndroidManifest.xml:31:19-51
36            android:theme="@style/AppTheme"
36-->src\main\AndroidManifest.xml:33:19-50
37            android:windowSoftInputMode="adjustPan" >
37-->src\main\AndroidManifest.xml:32:19-58
38            <intent-filter>
38-->src\main\AndroidManifest.xml:34:13-37:29
39                <action android:name="android.intent.action.MAIN" />
39-->src\main\AndroidManifest.xml:35:17-68
39-->src\main\AndroidManifest.xml:35:25-66
40
41                <category android:name="android.intent.category.LAUNCHER" />
41-->src\main\AndroidManifest.xml:36:17-76
41-->src\main\AndroidManifest.xml:36:27-74
42            </intent-filter>
43            <intent-filter>
43-->src\main\AndroidManifest.xml:39:13-45:29
44                <action android:name="android.intent.action.VIEW" />
44-->src\main\AndroidManifest.xml:40:17-68
44-->src\main\AndroidManifest.xml:40:25-66
45
46                <category android:name="android.intent.category.DEFAULT" />
46-->src\main\AndroidManifest.xml:41:17-75
46-->src\main\AndroidManifest.xml:41:27-73
47                <category android:name="android.intent.category.BROWSABLE" />
47-->src\main\AndroidManifest.xml:42:17-77
47-->src\main\AndroidManifest.xml:42:27-75
48
49                <data
49-->src\main\AndroidManifest.xml:43:17-70
50                    android:host="appr.tc"
50-->src\main\AndroidManifest.xml:43:46-68
51                    android:scheme="https" />
51-->src\main\AndroidManifest.xml:43:23-45
52                <data
52-->src\main\AndroidManifest.xml:43:17-70
53                    android:host="appr.tc"
53-->src\main\AndroidManifest.xml:43:46-68
54                    android:scheme="http" />
54-->src\main\AndroidManifest.xml:43:23-45
55            </intent-filter>
56        </activity>
57        <activity
57-->src\main\AndroidManifest.xml:48:9-51:20
58            android:name="org.appspot.apprtc.SettingsActivity"
58-->src\main\AndroidManifest.xml:48:19-50
59            android:label="@string/settings_name"
59-->src\main\AndroidManifest.xml:49:19-56
60            android:theme="@style/AppTheme" >
60-->src\main\AndroidManifest.xml:50:19-50
61        </activity>
62        <activity
62-->src\main\AndroidManifest.xml:53:9-58:20
63            android:name="org.appspot.apprtc.CallActivity"
63-->src\main\AndroidManifest.xml:53:19-46
64            android:configChanges="orientation|smallestScreenSize|screenSize|screenLayout"
64-->src\main\AndroidManifest.xml:56:19-97
65            android:label="@string/app_name"
65-->src\main\AndroidManifest.xml:54:19-51
66            android:screenOrientation="fullUser"
66-->src\main\AndroidManifest.xml:55:19-55
67            android:theme="@style/CallActivityTheme" >
67-->src\main\AndroidManifest.xml:57:19-59
68        </activity>
69    </application>
70
71</manifest>